
> feed-me-app@0.1.0 start
> react-scripts start

(node:45011) [DEP_WEBPACK_DEV_SERVER_ON_AFTER_SETUP_MIDDLEWARE] DeprecationWarning: 'onAfterSetupMiddleware' option is deprecated. Please use the 'setupMiddlewares' option.
(Use `node --trace-deprecation ...` to show where the warning was created)
(node:45011) [DEP_WEBPACK_DEV_SERVER_ON_BEFORE_SETUP_MIDDLEWARE] DeprecationWarning: 'onBeforeSetupMiddleware' option is deprecated. Please use the 'setupMiddlewares' option.
Starting the development server...

Compiled with warnings.

[eslint] 
src/App.js
  Line 7:10:  'authService' is defined but never used  no-unused-vars

src/FeedMeApp.js
  Line 4:10:    'sleepService' is defined but never used                                                                                no-unused-vars
  Line 5:10:    'diaperService' is defined but never used                                                                               no-unused-vars
  Line 286:11:  'signOut' is assigned a value but never used                                                                            no-unused-vars
  Line 337:6:   React Hook useEffect has a missing dependency: 'loadFeedingsForBaby'. Either include it or remove the dependency array  react-hooks/exhaustive-deps

src/ProperIOSPicker.js
  Line 13:14:  'year' is assigned a value but never used  no-unused-vars

src/SettingsScreen.js
  Line 2:27:   'Users' is defined but never used              no-unused-vars
  Line 12:39:  'families' is assigned a value but never used  no-unused-vars

Search for the keywords to learn more about each warning.
To ignore, add // eslint-disable-next-line to the line before.

WARNING in [eslint] 
src/App.js
  Line 7:10:  'authService' is defined but never used  no-unused-vars

src/FeedMeApp.js
  Line 4:10:    'sleepService' is defined but never used                                                                                no-unused-vars
  Line 5:10:    'diaperService' is defined but never used                                                                               no-unused-vars
  Line 286:11:  'signOut' is assigned a value but never used                                                                            no-unused-vars
  Line 337:6:   React Hook useEffect has a missing dependency: 'loadFeedingsForBaby'. Either include it or remove the dependency array  react-hooks/exhaustive-deps

src/ProperIOSPicker.js
  Line 13:14:  'year' is assigned a value but never used  no-unused-vars

src/SettingsScreen.js
  Line 2:27:   'Users' is defined but never used              no-unused-vars
  Line 12:39:  'families' is assigned a value but never used  no-unused-vars

webpack compiled with 1 warning
Compiling...
Compiled with warnings.

[eslint] 
src/App.js
  Line 7:10:  'authService' is defined but never used  no-unused-vars

src/FeedMeApp.js
  Line 4:10:    'sleepService' is defined but never used                                                                                no-unused-vars
  Line 5:10:    'diaperService' is defined but never used                                                                               no-unused-vars
  Line 286:11:  'signOut' is assigned a value but never used                                                                            no-unused-vars
  Line 337:6:   React Hook useEffect has a missing dependency: 'loadFeedingsForBaby'. Either include it or remove the dependency array  react-hooks/exhaustive-deps

src/ProperIOSPicker.js
  Line 13:14:  'year' is assigned a value but never used  no-unused-vars

src/SettingsScreen.js
  Line 2:27:   'Users' is defined but never used              no-unused-vars
  Line 12:39:  'families' is assigned a value but never used  no-unused-vars

Search for the keywords to learn more about each warning.
To ignore, add // eslint-disable-next-line to the line before.

WARNING in [eslint] 
src/App.js
  Line 7:10:  'authService' is defined but never used  no-unused-vars

src/FeedMeApp.js
  Line 4:10:    'sleepService' is defined but never used                                                                                no-unused-vars
  Line 5:10:    'diaperService' is defined but never used                                                                               no-unused-vars
  Line 286:11:  'signOut' is assigned a value but never used                                                                            no-unused-vars
  Line 337:6:   React Hook useEffect has a missing dependency: 'loadFeedingsForBaby'. Either include it or remove the dependency array  react-hooks/exhaustive-deps

src/ProperIOSPicker.js
  Line 13:14:  'year' is assigned a value but never used  no-unused-vars

src/SettingsScreen.js
  Line 2:27:   'Users' is defined but never used              no-unused-vars
  Line 12:39:  'families' is assigned a value but never used  no-unused-vars

webpack compiled with 1 warning
Compiling...
Compiled with warnings.

[eslint] 
src/App.js
  Line 7:10:  'authService' is defined but never used  no-unused-vars

src/FeedMeApp.js
  Line 4:10:    'sleepService' is defined but never used                                                                                no-unused-vars
  Line 5:10:    'diaperService' is defined but never used                                                                               no-unused-vars
  Line 286:11:  'signOut' is assigned a value but never used                                                                            no-unused-vars
  Line 337:6:   React Hook useEffect has a missing dependency: 'loadFeedingsForBaby'. Either include it or remove the dependency array  react-hooks/exhaustive-deps

src/ProperIOSPicker.js
  Line 13:14:  'year' is assigned a value but never used  no-unused-vars

src/SettingsScreen.js
  Line 2:27:   'Users' is defined but never used              no-unused-vars
  Line 12:39:  'families' is assigned a value but never used  no-unused-vars

Search for the keywords to learn more about each warning.
To ignore, add // eslint-disable-next-line to the line before.

WARNING in [eslint] 
src/App.js
  Line 7:10:  'authService' is defined but never used  no-unused-vars

src/FeedMeApp.js
  Line 4:10:    'sleepService' is defined but never used                                                                                no-unused-vars
  Line 5:10:    'diaperService' is defined but never used                                                                               no-unused-vars
  Line 286:11:  'signOut' is assigned a value but never used                                                                            no-unused-vars
  Line 337:6:   React Hook useEffect has a missing dependency: 'loadFeedingsForBaby'. Either include it or remove the dependency array  react-hooks/exhaustive-deps

src/ProperIOSPicker.js
  Line 13:14:  'year' is assigned a value but never used  no-unused-vars

src/SettingsScreen.js
  Line 2:27:   'Users' is defined but never used              no-unused-vars
  Line 12:39:  'families' is assigned a value but never used  no-unused-vars

webpack compiled with 1 warning
Compiling...
Compiled with warnings.

[eslint] 
src/App.js
  Line 7:10:  'authService' is defined but never used  no-unused-vars

src/FeedMeApp.js
  Line 4:10:    'sleepService' is defined but never used                                                                                no-unused-vars
  Line 5:10:    'diaperService' is defined but never used                                                                               no-unused-vars
  Line 286:11:  'signOut' is assigned a value but never used                                                                            no-unused-vars
  Line 337:6:   React Hook useEffect has a missing dependency: 'loadFeedingsForBaby'. Either include it or remove the dependency array  react-hooks/exhaustive-deps

src/ProperIOSPicker.js
  Line 13:14:  'year' is assigned a value but never used  no-unused-vars

src/SettingsScreen.js
  Line 2:27:   'Users' is defined but never used              no-unused-vars
  Line 12:39:  'families' is assigned a value but never used  no-unused-vars

Search for the keywords to learn more about each warning.
To ignore, add // eslint-disable-next-line to the line before.

WARNING in [eslint] 
src/App.js
  Line 7:10:  'authService' is defined but never used  no-unused-vars

src/FeedMeApp.js
  Line 4:10:    'sleepService' is defined but never used                                                                                no-unused-vars
  Line 5:10:    'diaperService' is defined but never used                                                                               no-unused-vars
  Line 286:11:  'signOut' is assigned a value but never used                                                                            no-unused-vars
  Line 337:6:   React Hook useEffect has a missing dependency: 'loadFeedingsForBaby'. Either include it or remove the dependency array  react-hooks/exhaustive-deps

src/ProperIOSPicker.js
  Line 13:14:  'year' is assigned a value but never used  no-unused-vars

src/SettingsScreen.js
  Line 2:27:   'Users' is defined but never used              no-unused-vars
  Line 12:39:  'families' is assigned a value but never used  no-unused-vars

webpack compiled with 1 warning
Compiling...
Compiled with warnings.

[eslint] 
src/App.js
  Line 7:10:  'authService' is defined but never used  no-unused-vars

src/FeedMeApp.js
  Line 4:10:    'sleepService' is defined but never used                                                                                no-unused-vars
  Line 5:10:    'diaperService' is defined but never used                                                                               no-unused-vars
  Line 286:11:  'signOut' is assigned a value but never used                                                                            no-unused-vars
  Line 337:6:   React Hook useEffect has a missing dependency: 'loadFeedingsForBaby'. Either include it or remove the dependency array  react-hooks/exhaustive-deps

src/ProperIOSPicker.js
  Line 13:14:  'year' is assigned a value but never used  no-unused-vars

src/SettingsScreen.js
  Line 2:27:   'Users' is defined but never used              no-unused-vars
  Line 12:39:  'families' is assigned a value but never used  no-unused-vars

Search for the keywords to learn more about each warning.
To ignore, add // eslint-disable-next-line to the line before.

WARNING in [eslint] 
src/App.js
  Line 7:10:  'authService' is defined but never used  no-unused-vars

src/FeedMeApp.js
  Line 4:10:    'sleepService' is defined but never used                                                                                no-unused-vars
  Line 5:10:    'diaperService' is defined but never used                                                                               no-unused-vars
  Line 286:11:  'signOut' is assigned a value but never used                                                                            no-unused-vars
  Line 337:6:   React Hook useEffect has a missing dependency: 'loadFeedingsForBaby'. Either include it or remove the dependency array  react-hooks/exhaustive-deps

src/ProperIOSPicker.js
  Line 13:14:  'year' is assigned a value but never used  no-unused-vars

src/SettingsScreen.js
  Line 2:27:   'Users' is defined but never used              no-unused-vars
  Line 12:39:  'families' is assigned a value but never used  no-unused-vars

webpack compiled with 1 warning
Compiling...
Compiled with warnings.

[eslint] 
src/App.js
  Line 7:10:  'authService' is defined but never used  no-unused-vars

src/FeedMeApp.js
  Line 4:10:    'sleepService' is defined but never used                                                                                no-unused-vars
  Line 5:10:    'diaperService' is defined but never used                                                                               no-unused-vars
  Line 286:11:  'signOut' is assigned a value but never used                                                                            no-unused-vars
  Line 337:6:   React Hook useEffect has a missing dependency: 'loadFeedingsForBaby'. Either include it or remove the dependency array  react-hooks/exhaustive-deps

src/SettingsScreen.js
  Line 2:27:   'Users' is defined but never used              no-unused-vars
  Line 12:39:  'families' is assigned a value but never used  no-unused-vars

Search for the keywords to learn more about each warning.
To ignore, add // eslint-disable-next-line to the line before.

WARNING in [eslint] 
src/App.js
  Line 7:10:  'authService' is defined but never used  no-unused-vars

src/FeedMeApp.js
  Line 4:10:    'sleepService' is defined but never used                                                                                no-unused-vars
  Line 5:10:    'diaperService' is defined but never used                                                                               no-unused-vars
  Line 286:11:  'signOut' is assigned a value but never used                                                                            no-unused-vars
  Line 337:6:   React Hook useEffect has a missing dependency: 'loadFeedingsForBaby'. Either include it or remove the dependency array  react-hooks/exhaustive-deps

src/SettingsScreen.js
  Line 2:27:   'Users' is defined but never used              no-unused-vars
  Line 12:39:  'families' is assigned a value but never used  no-unused-vars

webpack compiled with 1 warning
